Build started 14.11.2015 23:07:45.
     1>Project "C:\Users\Никита\Documents\GitHub\TestGame\arkanoid\arcanoid\arcanoid.vcxproj" on node 2 (Build target(s)).
     1>ClCompile:
         C:\Program Files (x86)\Microsoft Visual Studio 12.0\VC\bin\CL.exe /c /ZI /nologo /W3 /WX- /sdl /Od /Oy- /D WIN32 /D _WINDOWS /D _DEBUG /D _UNICODE /D UNICODE /D _AFXDLL /Gm /EHsc /RTC1 /MDd /GS /fp:precise /Zc:wchar_t /Zc:forScope /Yu"stdafx.h" /Fp"Debug\arcanoid.pch" /Fo"Debug\\" /Fd"Debug\vc120.pdb" /Gd /TP /analyze- /errorReport:prompt Game.cpp
         Game.cpp
     1>c:\users\никита\documents\github\testgame\arkanoid\arcanoid\game.cpp(92): warning C4244: 'argument' : conversion from 'double' to 'int', possible loss of data
     1>c:\users\никита\documents\github\testgame\arkanoid\arcanoid\game.cpp(138): warning C4244: 'argument' : conversion from 'double' to 'int', possible loss of data
     1>c:\users\никита\documents\github\testgame\arkanoid\arcanoid\game.cpp(144): warning C4244: '=' : conversion from 'double' to 'LONG', possible loss of data
     1>c:\users\никита\documents\github\testgame\arkanoid\arcanoid\game.cpp(145): warning C4244: '=' : conversion from 'double' to 'LONG', possible loss of data
     1>c:\users\никита\documents\github\testgame\arkanoid\arcanoid\game.cpp(155): warning C4244: '=' : conversion from 'double' to 'LONG', possible loss of data
     1>c:\users\никита\documents\github\testgame\arkanoid\arcanoid\game.cpp(156): warning C4244: '=' : conversion from 'double' to 'LONG', possible loss of data
     1>c:\users\никита\documents\github\testgame\arkanoid\arcanoid\game.cpp(164): warning C4244: '=' : conversion from 'double' to 'LONG', possible loss of data
     1>c:\users\никита\documents\github\testgame\arkanoid\arcanoid\game.cpp(165): warning C4244: '=' : conversion from 'double' to 'LONG', possible loss of data
     1>c:\users\никита\documents\github\testgame\arkanoid\arcanoid\game.cpp(173): warning C4244: '=' : conversion from 'double' to 'LONG', possible loss of data
     1>c:\users\никита\documents\github\testgame\arkanoid\arcanoid\game.cpp(174): warning C4244: '=' : conversion from 'double' to 'LONG', possible loss of data
     1>c:\users\никита\documents\github\testgame\arkanoid\arcanoid\game.cpp(181): warning C4244: '=' : conversion from 'double' to 'LONG', possible loss of data
     1>c:\users\никита\documents\github\testgame\arkanoid\arcanoid\game.cpp(182): warning C4244: '=' : conversion from 'double' to 'LONG', possible loss of data
     1>c:\users\никита\documents\github\testgame\arkanoid\arcanoid\game.cpp(195): warning C4244: 'argument' : conversion from 'double' to 'int', possible loss of data
     1>c:\users\никита\documents\github\testgame\arkanoid\arcanoid\game.cpp(398): warning C4018: '<' : signed/unsigned mismatch
     1>c:\users\никита\documents\github\testgame\arkanoid\arcanoid\game.cpp(398): warning C4244: '=' : conversion from 'wchar_t' to 'char', possible loss of data
       Link:
         C:\Program Files (x86)\Microsoft Visual Studio 12.0\VC\bin\link.exe /ERRORREPORT:PROMPT /OUT:"C:\Users\Никита\Documents\GitHub\TestGame\arkanoid\Debug\arcanoid.exe" /INCREMENTAL /NOLOGO /MANIFEST /MANIFESTUAC:"level='asInvoker' uiAccess='false'" /manifest:embed /manifestinput:"C:\Program Files (x86)\Microsoft Visual Studio 12.0\VC\Include\Manifest\dpiaware.manifest" /DEBUG /PDB:"C:\Users\Никита\Documents\GitHub\TestGame\arkanoid\Debug\arcanoid.pdb" /SUBSYSTEM:WINDOWS /TLBID:1 /ENTRY:"wWinMainCRTStartup" /DYNAMICBASE /NXCOMPAT /IMPLIB:"C:\Users\Никита\Documents\GitHub\TestGame\arkanoid\Debug\arcanoid.lib" /MACHINE:X86 Debug\arcanoid.res
         Debug\arcanoid.obj
         Debug\arcanoidDlg.obj
         Debug\Game.obj
         Debug\Level.obj
         Debug\stdafx.obj
         arcanoid.vcxproj -> C:\Users\Никита\Documents\GitHub\TestGame\arkanoid\Debug\arcanoid.exe
     1>Done Building Project "C:\Users\Никита\Documents\GitHub\TestGame\arkanoid\arcanoid\arcanoid.vcxproj" (Build target(s)).

Build succeeded.

Time Elapsed 00:00:00.62
